<?xml version="1.0" encoding="UTF-8"?>
<testng-results ignored="0" total="1" passed="1" failed="0" skipped="0">
  <reporter-output>
  </reporter-output>
  <suite started-at="2022-10-19T21:52:55 GMT-07:00" name="Default suite" finished-at="2022-10-19T21:53:22 GMT-07:00" duration-ms="27169">
    <groups>
    </groups>
    <test started-at="2022-10-19T21:52:55 GMT-07:00" name="Default test" finished-at="2022-10-19T21:53:22 GMT-07:00" duration-ms="27169">
      <class name="amazontests.testcase1">
        <test-method is-config="true" signature="setUp()[pri:0, instance:amazontests.testcase1@e7edb54]" started-at="2022-10-19T21:52:55 GMT-07:00" name="setUp" finished-at="2022-10-19T21:53:10 GMT-07:00" duration-ms="15009" status="PASS">
          <reporter-output>
          </reporter-output>
        </test-method> <!-- setUp -->
        <test-method signature="testcase()[pri:0, instance:amazontests.testcase1@e7edb54]" started-at="2022-10-19T21:53:10 GMT-07:00" name="testcase" finished-at="2022-10-19T21:53:22 GMT-07:00" duration-ms="12104" status="PASS">
          <reporter-output>
          </reporter-output>
        </test-method> <!-- testcase -->
      </class> <!-- amazontests.testcase1 -->
    </test> <!-- Default test -->
  </suite> <!-- Default suite -->
</testng-results>
